# Logfile created on Wed Nov 04 17:41:18 -0500 2009

Processing EngineersController#index (for 127.0.0.1 at 2009-11-04 17:53:00) [GET]
  [4;36;1mTag Load (0.8ms)[0m   [0;1mSELECT tags.id, tags.name, COUNT(*) AS count FROM "tags" INNER JOIN taggings ON tags.id = taggings.tag_id INNER JOIN engineers ON engineers.id = taggings.taggable_id WHERE (taggings.taggable_type = 'Engineer') GROUP BY tags.id, tags.name HAVING COUNT(*) > 0[0m
  [4;35;1mEngineer Load (0.5ms)[0m   [0mSELECT * FROM "engineers" LIMIT 10 OFFSET 0[0m
Rendering template within layouts/application
Rendering engineers/index

ActionView::TemplateError (No route matches {:controller=>"engineers", :action=>"search_by_lname"}) on line #2 of app/views/shared/_search_engineer.html.erb:
1:  Find Engineer: 
2:  <% form_for(:engineer, :url => {:controller => 'engineers', :action => 'search_by_lname'}) do |f| %>
3: 
4:      <div class="auto_complete" id="engineer_lname_auto_complete"></div>
5: 	 <%= text_field_with_auto_complete :engineer, :lname %>

    app/views/shared/_search_engineer.html.erb:2
    app/views/engineers/_sidebar.html.erb:7
    app/views/engineers/index.html.erb:50
    app/controllers/engineers_controller.rb:38:in `index'

Rendered rescues/_trace (69.8ms)
Rendered rescues/_request_and_response (1.5ms)
Rendering rescues/layout (internal_server_error)


Processing EngineersController#index (for 127.0.0.1 at 2009-11-04 17:54:20) [GET]
  [4;36;1mTag Load (0.7ms)[0m   [0;1mSELECT tags.id, tags.name, COUNT(*) AS count FROM "tags" INNER JOIN taggings ON tags.id = taggings.tag_id INNER JOIN engineers ON engineers.id = taggings.taggable_id WHERE (taggings.taggable_type = 'Engineer') GROUP BY tags.id, tags.name HAVING COUNT(*) > 0[0m
  [4;35;1mEngineer Load (0.4ms)[0m   [0mSELECT * FROM "engineers" LIMIT 10 OFFSET 0[0m
Rendering template within layouts/application
Rendering engineers/index
Rendered shared/_search_engineer (3.3ms)
Rendered engineers/_sidebar (10.6ms)
Completed in 41ms (View: 32, DB: 1) | 200 OK [http://localhost/engineers/]


Processing EngineersController#show (for 127.0.0.1 at 2009-11-04 17:54:26) [GET]
  Parameters: {"id"=>"4"}
  [4;36;1mTag Load (0.7ms)[0m   [0;1mSELECT tags.id, tags.name, COUNT(*) AS count FROM "tags" INNER JOIN taggings ON tags.id = taggings.tag_id INNER JOIN engineers ON engineers.id = taggings.taggable_id WHERE (taggings.taggable_type = 'Engineer') GROUP BY tags.id, tags.name HAVING COUNT(*) > 0[0m
  [4;35;1mEngineer Load (0.2ms)[0m   [0mSELECT * FROM "engineers" WHERE ("engineers"."id" = 4) [0m
Rendering template within layouts/application
Rendering engineers/show
Rendered shared/_search_engineer (1.9ms)
  [4;36;1mTag Load (0.3ms)[0m   [0;1mSELECT "tags".* FROM "tags" INNER JOIN "taggings" ON "tags".id = "taggings".tag_id WHERE (("taggings".taggable_type = 'Engineer') AND ("taggings".taggable_id = 4)) [0m

ActionView::TemplateError (undefined method `engineers_tag_url' for #<ActionView::Base:0x246afe4>) on line #65 of app/views/engineers/_sidebar.html.erb:
62:   <h3>Tagged</h3>
63:   <ul class="navigation">
64:     <% for tag in engineer.tags %>
65:        <li><a href="<%=engineers_tag_url(:id => tag.id)%>"><%= tag.name %></a></li>
66:     <% end %>
67:   </ul>
68: </div>

    app/views/engineers/_sidebar.html.erb:65
    app/views/engineers/_sidebar.html.erb:64
    app/views/engineers/show.html.erb:27
    app/controllers/engineers_controller.rb:50:in `show'

Rendered rescues/_trace (56.7ms)
Rendered rescues/_request_and_response (0.3ms)
Rendering rescues/layout (internal_server_error)


Processing EngineersController#show (for 127.0.0.1 at 2009-11-04 17:55:53) [GET]
  Parameters: {"id"=>"4"}
  [4;35;1mTag Load (0.7ms)[0m   [0mSELECT tags.id, tags.name, COUNT(*) AS count FROM "tags" INNER JOIN taggings ON tags.id = taggings.tag_id INNER JOIN engineers ON engineers.id = taggings.taggable_id WHERE (taggings.taggable_type = 'Engineer') GROUP BY tags.id, tags.name HAVING COUNT(*) > 0[0m
  [4;36;1mEngineer Load (0.2ms)[0m   [0;1mSELECT * FROM "engineers" WHERE ("engineers"."id" = 4) [0m
Rendering template within layouts/application
Rendering engineers/show
Rendered shared/_search_engineer (1.9ms)
  [4;35;1mTag Load (0.4ms)[0m   [0mSELECT "tags".* FROM "tags" INNER JOIN "taggings" ON "tags".id = "taggings".tag_id WHERE (("taggings".taggable_type = 'Engineer') AND ("taggings".taggable_id = 4)) [0m
  [4;36;1mResource Load (0.3ms)[0m   [0;1mSELECT * FROM "resources" WHERE ("resources".engineer_id = 4) [0m
Rendered engineers/_sidebar (77.2ms)
Completed in 97ms (View: 86, DB: 2) | 200 OK [http://localhost/engineers/4]


Processing EngineersController#get_matches (for 127.0.0.1 at 2009-11-04 17:56:04) [POST]
  Parameters: {"authenticity_token"=>"AauVIrow27AiiLnKy5/QFbbj+/6MTHl1CrYGFg25+38=", "id"=>"4", "_"=>""}
  [4;35;1mTag Load (0.7ms)[0m   [0mSELECT tags.id, tags.name, COUNT(*) AS count FROM "tags" INNER JOIN taggings ON tags.id = taggings.tag_id INNER JOIN engineers ON engineers.id = taggings.taggable_id WHERE (taggings.taggable_type = 'Engineer') GROUP BY tags.id, tags.name HAVING COUNT(*) > 0[0m
  [4;36;1mEngineer Load (0.2ms)[0m   [0;1mSELECT * FROM "engineers" WHERE ("engineers"."id" = 4) [0m

ActionView::MissingTemplate (Missing template shared/_matches_partial, :object => @engineer.erb in view path app/views):
  app/controllers/engineers_controller.rb:27:in `__instance_exec0'
  app/controllers/engineers_controller.rb:26:in `get_matches'

Rendering rescues/layout (internal_server_error)


Processing EngineersController#get_matches (for 127.0.0.1 at 2009-11-04 17:56:14) [POST]
  Parameters: {"authenticity_token"=>"AauVIrow27AiiLnKy5/QFbbj+/6MTHl1CrYGFg25+38=", "id"=>"4", "_"=>""}
  [4;35;1mTag Load (0.7ms)[0m   [0mSELECT tags.id, tags.name, COUNT(*) AS count FROM "tags" INNER JOIN taggings ON tags.id = taggings.tag_id INNER JOIN engineers ON engineers.id = taggings.taggable_id WHERE (taggings.taggable_type = 'Engineer') GROUP BY tags.id, tags.name HAVING COUNT(*) > 0[0m
  [4;36;1mEngineer Load (0.2ms)[0m   [0;1mSELECT * FROM "engineers" WHERE ("engineers"."id" = 4) [0m

ActionView::MissingTemplate (Missing template shared/_matches_partial, :object => @engineer.erb in view path app/views):
  app/controllers/engineers_controller.rb:27:in `__instance_exec0'
  app/controllers/engineers_controller.rb:26:in `get_matches'

Rendering rescues/layout (internal_server_error)


Processing EngineersController#show (for 127.0.0.1 at 2009-11-04 17:56:21) [GET]
  Parameters: {"id"=>"4"}
  [4;35;1mTag Load (0.7ms)[0m   [0mSELECT tags.id, tags.name, COUNT(*) AS count FROM "tags" INNER JOIN taggings ON tags.id = taggings.tag_id INNER JOIN engineers ON engineers.id = taggings.taggable_id WHERE (taggings.taggable_type = 'Engineer') GROUP BY tags.id, tags.name HAVING COUNT(*) > 0[0m
  [4;36;1mEngineer Load (0.2ms)[0m   [0;1mSELECT * FROM "engineers" WHERE ("engineers"."id" = 4) [0m
Rendering template within layouts/application
Rendering engineers/show
Rendered shared/_search_engineer (1.9ms)
  [4;35;1mTag Load (0.3ms)[0m   [0mSELECT "tags".* FROM "tags" INNER JOIN "taggings" ON "tags".id = "taggings".tag_id WHERE (("taggings".taggable_type = 'Engineer') AND ("taggings".taggable_id = 4)) [0m
  [4;36;1mResource Load (0.3ms)[0m   [0;1mSELECT * FROM "resources" WHERE ("resources".engineer_id = 4) [0m
Rendered engineers/_sidebar (16.5ms)
Completed in 36ms (View: 26, DB: 2) | 200 OK [http://localhost/engineers/4]


Processing ApplicationController#tag (for 127.0.0.1 at 2009-11-04 17:56:26) [GET]
  Parameters: {"id"=>"1"}

NameError (uninitialized constant EngineerController):
  

Rendered rescues/_trace (26.7ms)
Rendered rescues/_request_and_response (0.3ms)
Rendering rescues/layout (internal_server_error)


Processing EngineersController#show (for 127.0.0.1 at 2009-11-04 17:56:36) [GET]
  Parameters: {"id"=>"4"}
  [4;35;1mTag Load (0.7ms)[0m   [0mSELECT tags.id, tags.name, COUNT(*) AS count FROM "tags" INNER JOIN taggings ON tags.id = taggings.tag_id INNER JOIN engineers ON engineers.id = taggings.taggable_id WHERE (taggings.taggable_type = 'Engineer') GROUP BY tags.id, tags.name HAVING COUNT(*) > 0[0m
  [4;36;1mEngineer Load (0.2ms)[0m   [0;1mSELECT * FROM "engineers" WHERE ("engineers"."id" = 4) [0m
Rendering template within layouts/application
Rendering engineers/show
Rendered shared/_search_engineer (2.0ms)
  [4;35;1mTag Load (0.3ms)[0m   [0mSELECT "tags".* FROM "tags" INNER JOIN "taggings" ON "tags".id = "taggings".tag_id WHERE (("taggings".taggable_type = 'Engineer') AND ("taggings".taggable_id = 4)) [0m
  [4;36;1mResource Load (0.3ms)[0m   [0;1mSELECT * FROM "resources" WHERE ("resources".engineer_id = 4) [0m
Rendered engineers/_sidebar (13.2ms)
Completed in 29ms (View: 19, DB: 2) | 200 OK [http://localhost/engineers/4]


Processing EngineersController#get_matches (for 127.0.0.1 at 2009-11-04 17:56:46) [POST]
  Parameters: {"authenticity_token"=>"AauVIrow27AiiLnKy5/QFbbj+/6MTHl1CrYGFg25+38=", "id"=>"4", "_"=>""}
  [4;35;1mTag Load (0.7ms)[0m   [0mSELECT tags.id, tags.name, COUNT(*) AS count FROM "tags" INNER JOIN taggings ON tags.id = taggings.tag_id INNER JOIN engineers ON engineers.id = taggings.taggable_id WHERE (taggings.taggable_type = 'Engineer') GROUP BY tags.id, tags.name HAVING COUNT(*) > 0[0m
  [4;36;1mEngineer Load (0.2ms)[0m   [0;1mSELECT * FROM "engineers" WHERE ("engineers"."id" = 4) [0m

ActionView::MissingTemplate (Missing template shared/_matches_partial, :object => @engineer.erb in view path app/views):
  app/controllers/engineers_controller.rb:27:in `__instance_exec0'
  app/controllers/engineers_controller.rb:26:in `get_matches'

Rendering rescues/layout (internal_server_error)


Processing ApplicationController#tag (for 127.0.0.1 at 2009-11-04 17:56:53) [GET]
  Parameters: {"id"=>"1"}

NameError (uninitialized constant EngineerController):
  

Rendered rescues/_trace (25.7ms)
Rendered rescues/_request_and_response (0.3ms)
Rendering rescues/layout (internal_server_error)


Processing EngineersController#show (for 127.0.0.1 at 2009-11-04 17:57:15) [GET]
  Parameters: {"id"=>"4"}
  [4;35;1mTag Load (0.7ms)[0m   [0mSELECT tags.id, tags.name, COUNT(*) AS count FROM "tags" INNER JOIN taggings ON tags.id = taggings.tag_id INNER JOIN engineers ON engineers.id = taggings.taggable_id WHERE (taggings.taggable_type = 'Engineer') GROUP BY tags.id, tags.name HAVING COUNT(*) > 0[0m
  [4;36;1mEngineer Load (0.2ms)[0m   [0;1mSELECT * FROM "engineers" WHERE ("engineers"."id" = 4) [0m
Rendering template within layouts/application
Rendering engineers/show
Rendered shared/_search_engineer (2.2ms)
  [4;35;1mTag Load (0.3ms)[0m   [0mSELECT "tags".* FROM "tags" INNER JOIN "taggings" ON "tags".id = "taggings".tag_id WHERE (("taggings".taggable_type = 'Engineer') AND ("taggings".taggable_id = 4)) [0m
  [4;36;1mResource Load (0.3ms)[0m   [0;1mSELECT * FROM "resources" WHERE ("resources".engineer_id = 4) [0m
Rendered engineers/_sidebar (13.9ms)
Completed in 30ms (View: 20, DB: 2) | 200 OK [http://localhost/engineers/4]


Processing EngineersController#show (for 127.0.0.1 at 2009-11-04 17:57:18) [GET]
  Parameters: {"id"=>"4"}
  [4;35;1mTag Load (0.7ms)[0m   [0mSELECT tags.id, tags.name, COUNT(*) AS count FROM "tags" INNER JOIN taggings ON tags.id = taggings.tag_id INNER JOIN engineers ON engineers.id = taggings.taggable_id WHERE (taggings.taggable_type = 'Engineer') GROUP BY tags.id, tags.name HAVING COUNT(*) > 0[0m
  [4;36;1mEngineer Load (0.2ms)[0m   [0;1mSELECT * FROM "engineers" WHERE ("engineers"."id" = 4) [0m
Rendering template within layouts/application
Rendering engineers/show
Rendered shared/_search_engineer (1.9ms)
  [4;35;1mTag Load (0.3ms)[0m   [0mSELECT "tags".* FROM "tags" INNER JOIN "taggings" ON "tags".id = "taggings".tag_id WHERE (("taggings".taggable_type = 'Engineer') AND ("taggings".taggable_id = 4)) [0m
  [4;36;1mResource Load (0.3ms)[0m   [0;1mSELECT * FROM "resources" WHERE ("resources".engineer_id = 4) [0m
Rendered engineers/_sidebar (74.5ms)
Completed in 90ms (View: 80, DB: 1) | 200 OK [http://localhost/engineers/4]


Processing EngineersController#tag (for 127.0.0.1 at 2009-11-04 17:57:20) [GET]
  Parameters: {"id"=>"1"}
  [4;35;1mTag Load (0.7ms)[0m   [0mSELECT tags.id, tags.name, COUNT(*) AS count FROM "tags" INNER JOIN taggings ON tags.id = taggings.tag_id INNER JOIN engineers ON engineers.id = taggings.taggable_id WHERE (taggings.taggable_type = 'Engineer') GROUP BY tags.id, tags.name HAVING COUNT(*) > 0[0m
  [4;36;1mEngineer Load (0.2ms)[0m   [0;1mSELECT DISTINCT engineers.* FROM "engineers" INNER JOIN taggings engineers_taggings ON engineers_taggings.taggable_id = engineers.id AND engineers_taggings.taggable_type = 'Engineer' INNER JOIN tags engineers_tags ON engineers_tags.id = engineers_taggings.tag_id WHERE ((engineers_tags.name LIKE '1')) [0m
Rendering template within layouts/application
Rendering engineers/index

ActionView::TemplateError (undefined method `total_pages' for []:Array) on line #42 of app/views/engineers/index.html.erb:
39:         <div class="actions">
40:         </div>
41:         
42:         <%= will_paginate @engineer  %>
43:         
44:         <div class="clear"></div>
45:       </div>

    app/views/engineers/index.html.erb:42
    app/controllers/engineers_controller.rb:20:in `tag'

Rendered rescues/_trace (40.9ms)
Rendered rescues/_request_and_response (0.3ms)
Rendering rescues/layout (internal_server_error)


Processing EngineersController#show (for 127.0.0.1 at 2009-11-04 18:00:59) [GET]
  Parameters: {"id"=>"4"}
  [4;35;1mTag Load (0.7ms)[0m   [0mSELECT tags.id, tags.name, COUNT(*) AS count FROM "tags" INNER JOIN taggings ON tags.id = taggings.tag_id INNER JOIN engineers ON engineers.id = taggings.taggable_id WHERE (taggings.taggable_type = 'Engineer') GROUP BY tags.id, tags.name HAVING COUNT(*) > 0[0m
  [4;36;1mEngineer Load (0.2ms)[0m   [0;1mSELECT * FROM "engineers" WHERE ("engineers"."id" = 4) [0m
Rendering template within layouts/application
Rendering engineers/show
Rendered shared/_search_engineer (2.3ms)
  [4;35;1mTag Load (0.3ms)[0m   [0mSELECT "tags".* FROM "tags" INNER JOIN "taggings" ON "tags".id = "taggings".tag_id WHERE (("taggings".taggable_type = 'Engineer') AND ("taggings".taggable_id = 4)) [0m
  [4;36;1mResource Load (0.3ms)[0m   [0;1mSELECT * FROM "resources" WHERE ("resources".engineer_id = 4) [0m
Rendered engineers/_sidebar (17.0ms)
Completed in 36ms (View: 26, DB: 2) | 200 OK [http://localhost/engineers/4]


Processing EngineersController#show (for 127.0.0.1 at 2009-11-04 18:01:02) [GET]
  Parameters: {"id"=>"4"}
  [4;35;1mTag Load (0.7ms)[0m   [0mSELECT tags.id, tags.name, COUNT(*) AS count FROM "tags" INNER JOIN taggings ON tags.id = taggings.tag_id INNER JOIN engineers ON engineers.id = taggings.taggable_id WHERE (taggings.taggable_type = 'Engineer') GROUP BY tags.id, tags.name HAVING COUNT(*) > 0[0m
  [4;36;1mEngineer Load (0.2ms)[0m   [0;1mSELECT * FROM "engineers" WHERE ("engineers"."id" = 4) [0m
Rendering template within layouts/application
Rendering engineers/show
Rendered shared/_search_engineer (1.8ms)
  [4;35;1mTag Load (0.3ms)[0m   [0mSELECT "tags".* FROM "tags" INNER JOIN "taggings" ON "tags".id = "taggings".tag_id WHERE (("taggings".taggable_type = 'Engineer') AND ("taggings".taggable_id = 4)) [0m
  [4;36;1mResource Load (0.3ms)[0m   [0;1mSELECT * FROM "resources" WHERE ("resources".engineer_id = 4) [0m
Rendered engineers/_sidebar (13.2ms)
Completed in 29ms (View: 19, DB: 2) | 200 OK [http://localhost/engineers/4]


Processing EngineersController#tag (for 127.0.0.1 at 2009-11-04 18:01:04) [GET]
  Parameters: {"tag"=>"Red"}
  [4;35;1mTag Load (0.7ms)[0m   [0mSELECT tags.id, tags.name, COUNT(*) AS count FROM "tags" INNER JOIN taggings ON tags.id = taggings.tag_id INNER JOIN engineers ON engineers.id = taggings.taggable_id WHERE (taggings.taggable_type = 'Engineer') GROUP BY tags.id, tags.name HAVING COUNT(*) > 0[0m
  [4;36;1mEngineer Load (0.3ms)[0m   [0;1mSELECT DISTINCT engineers.* FROM "engineers" INNER JOIN taggings engineers_taggings ON engineers_taggings.taggable_id = engineers.id AND engineers_taggings.taggable_type = 'Engineer' INNER JOIN tags engineers_tags ON engineers_tags.id = engineers_taggings.tag_id WHERE ((engineers_tags.name LIKE 'Red')) [0m
Rendering template within layouts/application
Rendering engineers/index

ActionView::TemplateError (undefined method `total_pages' for #<Array:0x235427c>) on line #42 of app/views/engineers/index.html.erb:
39:         <div class="actions">
40:         </div>
41:         
42:         <%= will_paginate @engineer  %>
43:         
44:         <div class="clear"></div>
45:       </div>

    app/views/engineers/index.html.erb:42
    app/controllers/engineers_controller.rb:20:in `tag'

Rendered rescues/_trace (39.4ms)
Rendered rescues/_request_and_response (0.3ms)
Rendering rescues/layout (internal_server_error)


Processing EngineersController#show (for 127.0.0.1 at 2009-11-04 18:05:34) [GET]
  Parameters: {"id"=>"4"}
  [4;35;1mTag Load (0.7ms)[0m   [0mSELECT tags.id, tags.name, COUNT(*) AS count FROM "tags" INNER JOIN taggings ON tags.id = taggings.tag_id INNER JOIN engineers ON engineers.id = taggings.taggable_id WHERE (taggings.taggable_type = 'Engineer') GROUP BY tags.id, tags.name HAVING COUNT(*) > 0[0m
  [4;36;1mEngineer Load (0.2ms)[0m   [0;1mSELECT * FROM "engineers" WHERE ("engineers"."id" = 4) [0m
Rendering template within layouts/application
Rendering engineers/show
Rendered shared/_search_engineer (1.8ms)
  [4;35;1mTag Load (0.3ms)[0m   [0mSELECT "tags".* FROM "tags" INNER JOIN "taggings" ON "tags".id = "taggings".tag_id WHERE (("taggings".taggable_type = 'Engineer') AND ("taggings".taggable_id = 4)) [0m
  [4;36;1mResource Load (0.3ms)[0m   [0;1mSELECT * FROM "resources" WHERE ("resources".engineer_id = 4) [0m
Rendered engineers/_sidebar (13.0ms)
Completed in 29ms (View: 19, DB: 2) | 200 OK [http://localhost/engineers/4]


Processing EngineersController#show (for 127.0.0.1 at 2009-11-04 18:05:38) [GET]
  Parameters: {"id"=>"4"}
  [4;35;1mTag Load (0.8ms)[0m   [0mSELECT tags.id, tags.name, COUNT(*) AS count FROM "tags" INNER JOIN taggings ON tags.id = taggings.tag_id INNER JOIN engineers ON engineers.id = taggings.taggable_id WHERE (taggings.taggable_type = 'Engineer') GROUP BY tags.id, tags.name HAVING COUNT(*) > 0[0m
  [4;36;1mEngineer Load (0.2ms)[0m   [0;1mSELECT * FROM "engineers" WHERE ("engineers"."id" = 4) [0m
Rendering template within layouts/application
Rendering engineers/show
Rendered shared/_search_engineer (1.9ms)
  [4;35;1mTag Load (62.2ms)[0m   [0mSELECT "tags".* FROM "tags" INNER JOIN "taggings" ON "tags".id = "taggings".tag_id WHERE (("taggings".taggable_type = 'Engineer') AND ("taggings".taggable_id = 4)) [0m
  [4;36;1mResource Load (0.4ms)[0m   [0;1mSELECT * FROM "resources" WHERE ("resources".engineer_id = 4) [0m
Rendered engineers/_sidebar (75.9ms)
Completed in 91ms (View: 20, DB: 64) | 200 OK [http://localhost/engineers/4]


Processing EngineersController#tag (for 127.0.0.1 at 2009-11-04 18:05:40) [GET]
  Parameters: {"tag"=>"Red"}
  [4;35;1mTag Load (0.8ms)[0m   [0mSELECT tags.id, tags.name, COUNT(*) AS count FROM "tags" INNER JOIN taggings ON tags.id = taggings.tag_id INNER JOIN engineers ON engineers.id = taggings.taggable_id WHERE (taggings.taggable_type = 'Engineer') GROUP BY tags.id, tags.name HAVING COUNT(*) > 0[0m
  [4;36;1mEngineer Load (0.3ms)[0m   [0;1mSELECT DISTINCT engineers.* FROM "engineers" INNER JOIN taggings engineers_taggings ON engineers_taggings.taggable_id = engineers.id AND engineers_taggings.taggable_type = 'Engineer' INNER JOIN tags engineers_tags ON engineers_tags.id = engineers_taggings.tag_id WHERE ((engineers_tags.name LIKE 'Red')) [0m
Rendering /engineers/index.html.erb

ActionView::TemplateError (undefined method `total_pages' for #<Array:0x256d004>) on line #42 of app/views/engineers/index.html.erb:
39:         <div class="actions">
40:         </div>
41:         
42:         <%= will_paginate @engineer  %>
43:         
44:         <div class="clear"></div>
45:       </div>

    app/views/engineers/index.html.erb:42
    app/controllers/engineers_controller.rb:20:in `tag'

Rendered rescues/_trace (40.0ms)
Rendered rescues/_request_and_response (0.3ms)
Rendering rescues/layout (internal_server_error)


Processing EngineersController#show (for 127.0.0.1 at 2009-11-04 18:07:52) [GET]
  Parameters: {"id"=>"4"}
  [4;35;1mTag Load (0.8ms)[0m   [0mSELECT tags.id, tags.name, COUNT(*) AS count FROM "tags" INNER JOIN taggings ON tags.id = taggings.tag_id INNER JOIN engineers ON engineers.id = taggings.taggable_id WHERE (taggings.taggable_type = 'Engineer') GROUP BY tags.id, tags.name HAVING COUNT(*) > 0[0m
  [4;36;1mEngineer Load (0.2ms)[0m   [0;1mSELECT * FROM "engineers" WHERE ("engineers"."id" = 4) [0m
Rendering template within layouts/application
Rendering engineers/show
Rendered shared/_search_engineer (1.9ms)
  [4;35;1mTag Load (0.3ms)[0m   [0mSELECT "tags".* FROM "tags" INNER JOIN "taggings" ON "tags".id = "taggings".tag_id WHERE (("taggings".taggable_type = 'Engineer') AND ("taggings".taggable_id = 4)) [0m
  [4;36;1mResource Load (0.3ms)[0m   [0;1mSELECT * FROM "resources" WHERE ("resources".engineer_id = 4) [0m
Rendered engineers/_sidebar (13.4ms)
Completed in 91ms (View: 21, DB: 2) | 200 OK [http://localhost/engineers/4]


Processing EngineersController#show (for 127.0.0.1 at 2009-11-04 18:07:54) [GET]
  Parameters: {"id"=>"4"}
  [4;35;1mTag Load (0.7ms)[0m   [0mSELECT tags.id, tags.name, COUNT(*) AS count FROM "tags" INNER JOIN taggings ON tags.id = taggings.tag_id INNER JOIN engineers ON engineers.id = taggings.taggable_id WHERE (taggings.taggable_type = 'Engineer') GROUP BY tags.id, tags.name HAVING COUNT(*) > 0[0m
  [4;36;1mEngineer Load (0.2ms)[0m   [0;1mSELECT * FROM "engineers" WHERE ("engineers"."id" = 4) [0m
Rendering template within layouts/application
Rendering engineers/show
Rendered shared/_search_engineer (1.9ms)
  [4;35;1mTag Load (0.3ms)[0m   [0mSELECT "tags".* FROM "tags" INNER JOIN "taggings" ON "tags".id = "taggings".tag_id WHERE (("taggings".taggable_type = 'Engineer') AND ("taggings".taggable_id = 4)) [0m
  [4;36;1mResource Load (0.3ms)[0m   [0;1mSELECT * FROM "resources" WHERE ("resources".engineer_id = 4) [0m
Rendered engineers/_sidebar (13.0ms)
Completed in 29ms (View: 19, DB: 2) | 200 OK [http://localhost/engineers/4]


Processing EngineersController#tag (for 127.0.0.1 at 2009-11-04 18:07:56) [GET]
  Parameters: {"tag"=>"Red"}
  [4;35;1mTag Load (0.7ms)[0m   [0mSELECT tags.id, tags.name, COUNT(*) AS count FROM "tags" INNER JOIN taggings ON tags.id = taggings.tag_id INNER JOIN engineers ON engineers.id = taggings.taggable_id WHERE (taggings.taggable_type = 'Engineer') GROUP BY tags.id, tags.name HAVING COUNT(*) > 0[0m
  [4;36;1mEngineer Load (0.3ms)[0m   [0;1mSELECT DISTINCT engineers.* FROM "engineers" INNER JOIN taggings engineers_taggings ON engineers_taggings.taggable_id = engineers.id AND engineers_taggings.taggable_type = 'Engineer' INNER JOIN tags engineers_tags ON engineers_tags.id = engineers_taggings.tag_id WHERE ((engineers_tags.name LIKE 'Red')) [0m
Rendering /engineers/index_no_paging.html.erb

ActionView::TemplateError (undefined method `total_pages' for #<Array:0x244b7fc>) on line #42 of app/views/engineers/index_no_paging.html.erb:
39:         <div class="actions">
40:         </div>
41:         
42:   <!-->      <%= will_paginate @engineer  %> -->
43:         
44:         <div class="clear"></div>
45:       </div>

    app/views/engineers/index_no_paging.html.erb:42
    app/controllers/engineers_controller.rb:20:in `tag'

Rendered rescues/_trace (38.9ms)
Rendered rescues/_request_and_response (0.3ms)
Rendering rescues/layout (internal_server_error)


Processing EngineersController#tag (for 127.0.0.1 at 2009-11-04 18:08:25) [GET]
  Parameters: {"tag"=>"Red"}
  [4;35;1mTag Load (0.7ms)[0m   [0mSELECT tags.id, tags.name, COUNT(*) AS count FROM "tags" INNER JOIN taggings ON tags.id = taggings.tag_id INNER JOIN engineers ON engineers.id = taggings.taggable_id WHERE (taggings.taggable_type = 'Engineer') GROUP BY tags.id, tags.name HAVING COUNT(*) > 0[0m
  [4;36;1mEngineer Load (0.3ms)[0m   [0;1mSELECT DISTINCT engineers.* FROM "engineers" INNER JOIN taggings engineers_taggings ON engineers_taggings.taggable_id = engineers.id AND engineers_taggings.taggable_type = 'Engineer' INNER JOIN tags engineers_tags ON engineers_tags.id = engineers_taggings.tag_id WHERE ((engineers_tags.name LIKE 'Red')) [0m
Rendering /engineers/index_no_paging.html.erb

ActionView::TemplateError (undefined method `total_pages' for #<Array:0x24bb624>) on line #42 of app/views/engineers/index_no_paging.html.erb:
39:         <div class="actions">
40:         </div>
41:         
42:   <!--     <%= will_paginate @engineer  %> -->
43:         
44:         <div class="clear"></div>
45:       </div>

    app/views/engineers/index_no_paging.html.erb:42
    app/controllers/engineers_controller.rb:20:in `tag'

Rendered rescues/_trace (99.2ms)
Rendered rescues/_request_and_response (0.3ms)
Rendering rescues/layout (internal_server_error)


Processing EngineersController#tag (for 127.0.0.1 at 2009-11-04 18:08:36) [GET]
  Parameters: {"tag"=>"Red"}
  [4;35;1mTag Load (0.7ms)[0m   [0mSELECT tags.id, tags.name, COUNT(*) AS count FROM "tags" INNER JOIN taggings ON tags.id = taggings.tag_id INNER JOIN engineers ON engineers.id = taggings.taggable_id WHERE (taggings.taggable_type = 'Engineer') GROUP BY tags.id, tags.name HAVING COUNT(*) > 0[0m
  [4;36;1mEngineer Load (0.3ms)[0m   [0;1mSELECT DISTINCT engineers.* FROM "engineers" INNER JOIN taggings engineers_taggings ON engineers_taggings.taggable_id = engineers.id AND engineers_taggings.taggable_type = 'Engineer' INNER JOIN tags engineers_tags ON engineers_tags.id = engineers_taggings.tag_id WHERE ((engineers_tags.name LIKE 'Red')) [0m
Rendering /engineers/index_no_paging.html.erb
Rendered shared/_search_engineer (1.8ms)
Rendered engineers/_sidebar (4.0ms)
Completed in 24ms (View: 15, DB: 1) | 200 OK [http://localhost/engineers/tag/Red]


Processing ApplicationController#tag (for 127.0.0.1 at 2009-11-04 18:09:06) [GET]
  Parameters: {"tag"=>"Red"}

SyntaxError (/Users/Dan/work/jhu-484-code/rails-lectures/ajax/app/controllers/engineers_controller.rb:20: syntax error, unexpected tSYMBEG
      render "/engineers/index_no_paging.html.erb". :layout => "application"
                                                     ^):
  

Rendered rescues/_trace (29.4ms)
Rendered rescues/_request_and_response (0.3ms)
Rendering rescues/layout (internal_server_error)


Processing EngineersController#tag (for 127.0.0.1 at 2009-11-04 18:09:24) [GET]
  Parameters: {"tag"=>"Red"}
  [4;35;1mTag Load (0.8ms)[0m   [0mSELECT tags.id, tags.name, COUNT(*) AS count FROM "tags" INNER JOIN taggings ON tags.id = taggings.tag_id INNER JOIN engineers ON engineers.id = taggings.taggable_id WHERE (taggings.taggable_type = 'Engineer') GROUP BY tags.id, tags.name HAVING COUNT(*) > 0[0m
  [4;36;1mEngineer Load (0.3ms)[0m   [0;1mSELECT DISTINCT engineers.* FROM "engineers" INNER JOIN taggings engineers_taggings ON engineers_taggings.taggable_id = engineers.id AND engineers_taggings.taggable_type = 'Engineer' INNER JOIN tags engineers_tags ON engineers_tags.id = engineers_taggings.tag_id WHERE ((engineers_tags.name LIKE 'Red')) [0m
Rendering template within layouts/application
Rendering /engineers/index_no_paging.html.erb
Rendered shared/_search_engineer (1.8ms)
Rendered engineers/_sidebar (4.1ms)
Completed in 84ms (View: 12, DB: 1) | 200 OK [http://localhost/engineers/tag/Red]


Processing EngineersController#show (for 127.0.0.1 at 2009-11-04 18:09:31) [GET]
  Parameters: {"id"=>"4"}
  [4;35;1mTag Load (0.7ms)[0m   [0mSELECT tags.id, tags.name, COUNT(*) AS count FROM "tags" INNER JOIN taggings ON tags.id = taggings.tag_id INNER JOIN engineers ON engineers.id = taggings.taggable_id WHERE (taggings.taggable_type = 'Engineer') GROUP BY tags.id, tags.name HAVING COUNT(*) > 0[0m
  [4;36;1mEngineer Load (0.2ms)[0m   [0;1mSELECT * FROM "engineers" WHERE ("engineers"."id" = 4) [0m
Rendering template within layouts/application
Rendering engineers/show
Rendered shared/_search_engineer (1.9ms)
  [4;35;1mTag Load (0.3ms)[0m   [0mSELECT "tags".* FROM "tags" INNER JOIN "taggings" ON "tags".id = "taggings".tag_id WHERE (("taggings".taggable_type = 'Engineer') AND ("taggings".taggable_id = 4)) [0m
  [4;36;1mResource Load (0.3ms)[0m   [0;1mSELECT * FROM "resources" WHERE ("resources".engineer_id = 4) [0m
Rendered engineers/_sidebar (13.2ms)
Completed in 29ms (View: 19, DB: 2) | 200 OK [http://localhost/engineers/4]


Processing EngineersController#index (for 127.0.0.1 at 2009-11-04 18:09:38) [GET]
  [4;35;1mTag Load (0.8ms)[0m   [0mSELECT tags.id, tags.name, COUNT(*) AS count FROM "tags" INNER JOIN taggings ON tags.id = taggings.tag_id INNER JOIN engineers ON engineers.id = taggings.taggable_id WHERE (taggings.taggable_type = 'Engineer') GROUP BY tags.id, tags.name HAVING COUNT(*) > 0[0m
  [4;36;1mEngineer Load (0.4ms)[0m   [0;1mSELECT * FROM "engineers" LIMIT 10 OFFSET 0[0m
Rendering template within layouts/application
Rendering engineers/index
Rendered shared/_search_engineer (1.9ms)
Rendered engineers/_sidebar (4.3ms)
Completed in 34ms (View: 25, DB: 1) | 200 OK [http://localhost/engineers]


Processing EngineersController#show (for 127.0.0.1 at 2009-11-04 18:09:42) [GET]
  Parameters: {"id"=>"4"}
  [4;35;1mTag Load (0.7ms)[0m   [0mSELECT tags.id, tags.name, COUNT(*) AS count FROM "tags" INNER JOIN taggings ON tags.id = taggings.tag_id INNER JOIN engineers ON engineers.id = taggings.taggable_id WHERE (taggings.taggable_type = 'Engineer') GROUP BY tags.id, tags.name HAVING COUNT(*) > 0[0m
  [4;36;1mEngineer Load (0.2ms)[0m   [0;1mSELECT * FROM "engineers" WHERE ("engineers"."id" = 4) [0m
Rendering template within layouts/application
Rendering engineers/show
Rendered shared/_search_engineer (1.8ms)
  [4;35;1mTag Load (0.3ms)[0m   [0mSELECT "tags".* FROM "tags" INNER JOIN "taggings" ON "tags".id = "taggings".tag_id WHERE (("taggings".taggable_type = 'Engineer') AND ("taggings".taggable_id = 4)) [0m
  [4;36;1mResource Load (0.3ms)[0m   [0;1mSELECT * FROM "resources" WHERE ("resources".engineer_id = 4) [0m
Rendered engineers/_sidebar (12.8ms)
Completed in 28ms (View: 18, DB: 2) | 200 OK [http://localhost/engineers/4]


Processing EngineersController#tag (for 127.0.0.1 at 2009-11-04 18:09:44) [GET]
  Parameters: {"tag"=>"Red"}
  [4;35;1mTag Load (0.8ms)[0m   [0mSELECT tags.id, tags.name, COUNT(*) AS count FROM "tags" INNER JOIN taggings ON tags.id = taggings.tag_id INNER JOIN engineers ON engineers.id = taggings.taggable_id WHERE (taggings.taggable_type = 'Engineer') GROUP BY tags.id, tags.name HAVING COUNT(*) > 0[0m
  [4;36;1mEngineer Load (0.3ms)[0m   [0;1mSELECT DISTINCT engineers.* FROM "engineers" INNER JOIN taggings engineers_taggings ON engineers_taggings.taggable_id = engineers.id AND engineers_taggings.taggable_type = 'Engineer' INNER JOIN tags engineers_tags ON engineers_tags.id = engineers_taggings.tag_id WHERE ((engineers_tags.name LIKE 'Red')) [0m
Rendering template within layouts/application
Rendering /engineers/index_no_paging.html.erb
Rendered shared/_search_engineer (1.9ms)
Rendered engineers/_sidebar (4.2ms)
Completed in 86ms (View: 12, DB: 1) | 200 OK [http://localhost/engineers/tag/Red]


Processing EngineersController#show (for 127.0.0.1 at 2009-11-04 18:10:04) [GET]
  Parameters: {"id"=>"4"}
  [4;35;1mTag Load (0.7ms)[0m   [0mSELECT tags.id, tags.name, COUNT(*) AS count FROM "tags" INNER JOIN taggings ON tags.id = taggings.tag_id INNER JOIN engineers ON engineers.id = taggings.taggable_id WHERE (taggings.taggable_type = 'Engineer') GROUP BY tags.id, tags.name HAVING COUNT(*) > 0[0m
  [4;36;1mEngineer Load (0.2ms)[0m   [0;1mSELECT * FROM "engineers" WHERE ("engineers"."id" = 4) [0m
Rendering template within layouts/application
Rendering engineers/show
Rendered shared/_search_engineer (1.9ms)
  [4;35;1mTag Load (0.3ms)[0m   [0mSELECT "tags".* FROM "tags" INNER JOIN "taggings" ON "tags".id = "taggings".tag_id WHERE (("taggings".taggable_type = 'Engineer') AND ("taggings".taggable_id = 4)) [0m
  [4;36;1mResource Load (0.3ms)[0m   [0;1mSELECT * FROM "resources" WHERE ("resources".engineer_id = 4) [0m
Rendered engineers/_sidebar (13.1ms)
Completed in 29ms (View: 19, DB: 2) | 200 OK [http://localhost/engineers/4]


Processing EngineersController#get_matches (for 127.0.0.1 at 2009-11-04 18:10:14) [POST]
  Parameters: {"authenticity_token"=>"AauVIrow27AiiLnKy5/QFbbj+/6MTHl1CrYGFg25+38=", "id"=>"4", "_"=>""}
  [4;35;1mTag Load (0.7ms)[0m   [0mSELECT tags.id, tags.name, COUNT(*) AS count FROM "tags" INNER JOIN taggings ON tags.id = taggings.tag_id INNER JOIN engineers ON engineers.id = taggings.taggable_id WHERE (taggings.taggable_type = 'Engineer') GROUP BY tags.id, tags.name HAVING COUNT(*) > 0[0m
  [4;36;1mEngineer Load (0.2ms)[0m   [0;1mSELECT * FROM "engineers" WHERE ("engineers"."id" = 4) [0m

ActionView::MissingTemplate (Missing template shared/_matches_partial, :object => @engineer.erb in view path app/views):
  app/controllers/engineers_controller.rb:27:in `__instance_exec0'
  app/controllers/engineers_controller.rb:26:in `get_matches'

Rendering rescues/layout (internal_server_error)


Processing EngineersController#get_matches (for 127.0.0.1 at 2009-11-04 18:10:24) [POST]
  Parameters: {"authenticity_token"=>"AauVIrow27AiiLnKy5/QFbbj+/6MTHl1CrYGFg25+38=", "id"=>"4", "_"=>""}
  [4;35;1mTag Load (0.7ms)[0m   [0mSELECT tags.id, tags.name, COUNT(*) AS count FROM "tags" INNER JOIN taggings ON tags.id = taggings.tag_id INNER JOIN engineers ON engineers.id = taggings.taggable_id WHERE (taggings.taggable_type = 'Engineer') GROUP BY tags.id, tags.name HAVING COUNT(*) > 0[0m
  [4;36;1mEngineer Load (0.2ms)[0m   [0;1mSELECT * FROM "engineers" WHERE ("engineers"."id" = 4) [0m

ActionView::MissingTemplate (Missing template shared/_matches_partial, :object => @engineer.erb in view path app/views):
  app/controllers/engineers_controller.rb:27:in `__instance_exec0'
  app/controllers/engineers_controller.rb:26:in `get_matches'

Rendering rescues/layout (internal_server_error)


Processing EngineersController#get_matches (for 127.0.0.1 at 2009-11-04 18:10:34) [POST]
  Parameters: {"authenticity_token"=>"AauVIrow27AiiLnKy5/QFbbj+/6MTHl1CrYGFg25+38=", "id"=>"4", "_"=>""}
  [4;35;1mTag Load (0.7ms)[0m   [0mSELECT tags.id, tags.name, COUNT(*) AS count FROM "tags" INNER JOIN taggings ON tags.id = taggings.tag_id INNER JOIN engineers ON engineers.id = taggings.taggable_id WHERE (taggings.taggable_type = 'Engineer') GROUP BY tags.id, tags.name HAVING COUNT(*) > 0[0m
  [4;36;1mEngineer Load (0.2ms)[0m   [0;1mSELECT * FROM "engineers" WHERE ("engineers"."id" = 4) [0m

ActionView::MissingTemplate (Missing template shared/_matches_partial, :object => @engineer.erb in view path app/views):
  app/controllers/engineers_controller.rb:27:in `__instance_exec0'
  app/controllers/engineers_controller.rb:26:in `get_matches'

Rendering rescues/layout (internal_server_error)


Processing EngineersController#index (for 127.0.0.1 at 2009-11-04 18:10:35) [GET]
  [4;35;1mTag Load (0.7ms)[0m   [0mSELECT tags.id, tags.name, COUNT(*) AS count FROM "tags" INNER JOIN taggings ON tags.id = taggings.tag_id INNER JOIN engineers ON engineers.id = taggings.taggable_id WHERE (taggings.taggable_type = 'Engineer') GROUP BY tags.id, tags.name HAVING COUNT(*) > 0[0m
  [4;36;1mEngineer Load (0.4ms)[0m   [0;1mSELECT * FROM "engineers" LIMIT 10 OFFSET 0[0m
Rendering template within layouts/application
Rendering engineers/index
Rendered shared/_search_engineer (1.8ms)
Rendered engineers/_sidebar (4.1ms)
Completed in 32ms (View: 23, DB: 1) | 200 OK [http://localhost/engineers]


Processing ApplicationController#show (for 127.0.0.1 at 2009-11-04 18:13:58) [GET]
  Parameters: {"id"=>"4"}

SyntaxError (/Users/Dan/work/jhu-484-code/rails-lectures/ajax/app/controllers/engineers_controller.rb:27: syntax error, unexpected tSTRING_BEG, expecting kEND
/Users/Dan/work/jhu-484-code/rails-lectures/ajax/app/controllers/engineers_controller.rb:77: syntax error, unexpected tCONSTANT, expecting kEND
 #     puts "Adding project to pa #{pa.name}"
                   ^
/Users/Dan/work/jhu-484-code/rails-lectures/ajax/app/controllers/engineers_controller.rb:132: syntax error, unexpected $end, expecting kEND):
  

Rendered rescues/_trace (29.8ms)
Rendered rescues/_request_and_response (0.3ms)
Rendering rescues/layout (internal_server_error)


Processing ApplicationController#show (for 127.0.0.1 at 2009-11-04 18:15:08) [GET]
  Parameters: {"id"=>"4"}

SyntaxError (/Users/Dan/work/jhu-484-code/rails-lectures/ajax/app/controllers/engineers_controller.rb:27: syntax error, unexpected tSTRING_BEG, expecting kEND
/Users/Dan/work/jhu-484-code/rails-lectures/ajax/app/controllers/engineers_controller.rb:90: syntax error, unexpected tIDENTIFIER, expecting kEND
        format.html { render :action => "new" }
                                            ^
/Users/Dan/work/jhu-484-code/rails-lectures/ajax/app/controllers/engineers_controller.rb:112: syntax error, unexpected tIDENTIFIER, expecting kEND
        format.html { render :action => "edit" }
                                             ^
/Users/Dan/work/jhu-484-code/rails-lectures/ajax/app/controllers/engineers_controller.rb:112: unterminated string meets end of file
/Users/Dan/work/jhu-484-code/rails-lectures/ajax/app/controllers/engineers_controller.rb:112: syntax error, unexpected $end, expecting kEND):
  

Rendered rescues/_trace (92.8ms)
Rendered rescues/_request_and_response (0.3ms)
Rendering rescues/layout (internal_server_error)


Processing ApplicationController#show (for 127.0.0.1 at 2009-11-04 18:15:10) [GET]
  Parameters: {"id"=>"4"}

SyntaxError (/Users/Dan/work/jhu-484-code/rails-lectures/ajax/app/controllers/engineers_controller.rb:27: syntax error, unexpected tSTRING_BEG, expecting kEND
/Users/Dan/work/jhu-484-code/rails-lectures/ajax/app/controllers/engineers_controller.rb:90: syntax error, unexpected tIDENTIFIER, expecting kEND
        format.html { render :action => "new" }
                                            ^
/Users/Dan/work/jhu-484-code/rails-lectures/ajax/app/controllers/engineers_controller.rb:112: syntax error, unexpected tIDENTIFIER, expecting kEND
        format.html { render :action => "edit" }
                                             ^
/Users/Dan/work/jhu-484-code/rails-lectures/ajax/app/controllers/engineers_controller.rb:112: unterminated string meets end of file
/Users/Dan/work/jhu-484-code/rails-lectures/ajax/app/controllers/engineers_controller.rb:112: syntax error, unexpected $end, expecting kEND):
  

Rendered rescues/_trace (28.2ms)
Rendered rescues/_request_and_response (0.2ms)
Rendering rescues/layout (internal_server_error)


Processing ApplicationController#show (for 127.0.0.1 at 2009-11-04 18:15:10) [GET]
  Parameters: {"id"=>"4"}

SyntaxError (/Users/Dan/work/jhu-484-code/rails-lectures/ajax/app/controllers/engineers_controller.rb:27: syntax error, unexpected tSTRING_BEG, expecting kEND
/Users/Dan/work/jhu-484-code/rails-lectures/ajax/app/controllers/engineers_controller.rb:90: syntax error, unexpected tIDENTIFIER, expecting kEND
        format.html { render :action => "new" }
                                            ^
/Users/Dan/work/jhu-484-code/rails-lectures/ajax/app/controllers/engineers_controller.rb:112: syntax error, unexpected tIDENTIFIER, expecting kEND
        format.html { render :action => "edit" }
                                             ^
/Users/Dan/work/jhu-484-code/rails-lectures/ajax/app/controllers/engineers_controller.rb:112: unterminated string meets end of file
/Users/Dan/work/jhu-484-code/rails-lectures/ajax/app/controllers/engineers_controller.rb:112: syntax error, unexpected $end, expecting kEND):
  

Rendered rescues/_trace (29.0ms)
Rendered rescues/_request_and_response (0.2ms)
Rendering rescues/layout (internal_server_error)


Processing ApplicationController#show (for 127.0.0.1 at 2009-11-04 18:15:45) [GET]
  Parameters: {"id"=>"4"}

SyntaxError (/Users/Dan/work/jhu-484-code/rails-lectures/ajax/app/controllers/engineers_controller.rb:129: syntax error, unexpected kEND, expecting $end):
  

Rendered rescues/_trace (28.8ms)
Rendered rescues/_request_and_response (0.3ms)
Rendering rescues/layout (internal_server_error)


Processing EngineersController#show (for 127.0.0.1 at 2009-11-04 18:16:20) [GET]
  Parameters: {"id"=>"4"}
  [4;35;1mTag Load (0.7ms)[0m   [0mSELECT tags.id, tags.name, COUNT(*) AS count FROM "tags" INNER JOIN taggings ON tags.id = taggings.tag_id INNER JOIN engineers ON engineers.id = taggings.taggable_id WHERE (taggings.taggable_type = 'Engineer') GROUP BY tags.id, tags.name HAVING COUNT(*) > 0[0m
  [4;36;1mEngineer Load (0.2ms)[0m   [0;1mSELECT * FROM "engineers" WHERE ("engineers"."id" = 4) [0m
Rendering template within layouts/application
Rendering engineers/show
Rendered shared/_search_engineer (2.2ms)
  [4;35;1mTag Load (0.3ms)[0m   [0mSELECT "tags".* FROM "tags" INNER JOIN "taggings" ON "tags".id = "taggings".tag_id WHERE (("taggings".taggable_type = 'Engineer') AND ("taggings".taggable_id = 4)) [0m
  [4;36;1mResource Load (0.3ms)[0m   [0;1mSELECT * FROM "resources" WHERE ("resources".engineer_id = 4) [0m
Rendered engineers/_sidebar (13.7ms)
Completed in 29ms (View: 19, DB: 2) | 200 OK [http://localhost/engineers/4]


Processing EngineersController#tag (for 127.0.0.1 at 2009-11-04 18:16:23) [GET]
  Parameters: {"tag"=>"Red"}
  [4;35;1mTag Load (0.7ms)[0m   [0mSELECT tags.id, tags.name, COUNT(*) AS count FROM "tags" INNER JOIN taggings ON tags.id = taggings.tag_id INNER JOIN engineers ON engineers.id = taggings.taggable_id WHERE (taggings.taggable_type = 'Engineer') GROUP BY tags.id, tags.name HAVING COUNT(*) > 0[0m
  [4;36;1mEngineer Load (0.3ms)[0m   [0;1mSELECT DISTINCT engineers.* FROM "engineers" INNER JOIN taggings engineers_taggings ON engineers_taggings.taggable_id = engineers.id AND engineers_taggings.taggable_type = 'Engineer' INNER JOIN tags engineers_tags ON engineers_tags.id = engineers_taggings.tag_id WHERE ((engineers_tags.name LIKE 'Red')) [0m
Rendering template within layouts/application
Rendering /engineers/index_no_paging.html.erb
Rendered shared/_search_engineer (2.0ms)
Rendered engineers/_sidebar (4.3ms)
Completed in 21ms (View: 12, DB: 1) | 200 OK [http://localhost/engineers/tag/Red]


Processing EngineersController#show (for 127.0.0.1 at 2009-11-04 18:16:25) [GET]
  Parameters: {"id"=>"4"}
  [4;35;1mTag Load (0.7ms)[0m   [0mSELECT tags.id, tags.name, COUNT(*) AS count FROM "tags" INNER JOIN taggings ON tags.id = taggings.tag_id INNER JOIN engineers ON engineers.id = taggings.taggable_id WHERE (taggings.taggable_type = 'Engineer') GROUP BY tags.id, tags.name HAVING COUNT(*) > 0[0m
  [4;36;1mEngineer Load (0.2ms)[0m   [0;1mSELECT * FROM "engineers" WHERE ("engineers"."id" = 4) [0m
Rendering template within layouts/application
Rendering engineers/show
Rendered shared/_search_engineer (1.9ms)
  [4;35;1mTag Load (0.3ms)[0m   [0mSELECT "tags".* FROM "tags" INNER JOIN "taggings" ON "tags".id = "taggings".tag_id WHERE (("taggings".taggable_type = 'Engineer') AND ("taggings".taggable_id = 4)) [0m
  [4;36;1mResource Load (0.4ms)[0m   [0;1mSELECT * FROM "resources" WHERE ("resources".engineer_id = 4) [0m
Rendered engineers/_sidebar (75.4ms)
Completed in 91ms (View: 81, DB: 2) | 200 OK [http://localhost/engineers/4]


Processing EngineersController#get_matches (for 127.0.0.1 at 2009-11-04 18:16:35) [POST]
  Parameters: {"authenticity_token"=>"AauVIrow27AiiLnKy5/QFbbj+/6MTHl1CrYGFg25+38=", "id"=>"4", "_"=>""}
  [4;35;1mTag Load (0.7ms)[0m   [0mSELECT tags.id, tags.name, COUNT(*) AS count FROM "tags" INNER JOIN taggings ON tags.id = taggings.tag_id INNER JOIN engineers ON engineers.id = taggings.taggable_id WHERE (taggings.taggable_type = 'Engineer') GROUP BY tags.id, tags.name HAVING COUNT(*) > 0[0m
  [4;36;1mEngineer Load (0.2ms)[0m   [0;1mSELECT * FROM "engineers" WHERE ("engineers"."id" = 4) [0m
Rendered shared/_matches_partial (1.7ms)
Completed in 16ms (View: 7, DB: 1) | 200 OK [http://localhost/engineers/get_matches/4]


Processing EngineersController#get_matches (for 127.0.0.1 at 2009-11-04 18:16:46) [POST]
  Parameters: {"authenticity_token"=>"AauVIrow27AiiLnKy5/QFbbj+/6MTHl1CrYGFg25+38=", "id"=>"4", "_"=>""}
  [4;35;1mTag Load (0.7ms)[0m   [0mSELECT tags.id, tags.name, COUNT(*) AS count FROM "tags" INNER JOIN taggings ON tags.id = taggings.tag_id INNER JOIN engineers ON engineers.id = taggings.taggable_id WHERE (taggings.taggable_type = 'Engineer') GROUP BY tags.id, tags.name HAVING COUNT(*) > 0[0m
  [4;36;1mEngineer Load (0.3ms)[0m   [0;1mSELECT * FROM "engineers" WHERE ("engineers"."id" = 4) [0m
Rendered shared/_matches_partial (1.7ms)
Completed in 31ms (View: 3, DB: 1) | 200 OK [http://localhost/engineers/get_matches/4]


Processing EngineersController#get_matches (for 127.0.0.1 at 2009-11-04 18:16:59) [POST]
  Parameters: {"authenticity_token"=>"AauVIrow27AiiLnKy5/QFbbj+/6MTHl1CrYGFg25+38=", "id"=>"4", "_"=>""}
  [4;35;1mTag Load (0.8ms)[0m   [0mSELECT tags.id, tags.name, COUNT(*) AS count FROM "tags" INNER JOIN taggings ON tags.id = taggings.tag_id INNER JOIN engineers ON engineers.id = taggings.taggable_id WHERE (taggings.taggable_type = 'Engineer') GROUP BY tags.id, tags.name HAVING COUNT(*) > 0[0m
  [4;36;1mEngineer Load (0.2ms)[0m   [0;1mSELECT * FROM "engineers" WHERE ("engineers"."id" = 4) [0m
Rendered shared/_matches_partial (1.3ms)
Completed in 12ms (View: 3, DB: 1) | 200 OK [http://localhost/engineers/get_matches/4]


Processing EngineersController#get_matches (for 127.0.0.1 at 2009-11-04 18:17:44) [POST]
  Parameters: {"authenticity_token"=>"AauVIrow27AiiLnKy5/QFbbj+/6MTHl1CrYGFg25+38=", "id"=>"4", "_"=>""}
  [4;35;1mTag Load (0.8ms)[0m   [0mSELECT tags.id, tags.name, COUNT(*) AS count FROM "tags" INNER JOIN taggings ON tags.id = taggings.tag_id INNER JOIN engineers ON engineers.id = taggings.taggable_id WHERE (taggings.taggable_type = 'Engineer') GROUP BY tags.id, tags.name HAVING COUNT(*) > 0[0m
  [4;36;1mEngineer Load (0.2ms)[0m   [0;1mSELECT * FROM "engineers" WHERE ("engineers"."id" = 4) [0m
Rendered shared/_matches_partial (1.4ms)
Completed in 12ms (View: 3, DB: 1) | 200 OK [http://localhost/engineers/get_matches/4]


Processing EngineersController#get_matches (for 127.0.0.1 at 2009-11-04 18:17:44) [POST]
  Parameters: {"authenticity_token"=>"AauVIrow27AiiLnKy5/QFbbj+/6MTHl1CrYGFg25+38=", "id"=>"4", "_"=>""}
  [4;35;1mTag Load (1.3ms)[0m   [0mSELECT tags.id, tags.name, COUNT(*) AS count FROM "tags" INNER JOIN taggings ON tags.id = taggings.tag_id INNER JOIN engineers ON engineers.id = taggings.taggable_id WHERE (taggings.taggable_type = 'Engineer') GROUP BY tags.id, tags.name HAVING COUNT(*) > 0[0m
  [4;36;1mEngineer Load (0.3ms)[0m   [0;1mSELECT * FROM "engineers" WHERE ("engineers"."id" = 4) [0m
Rendered shared/_matches_partial (1.4ms)
Completed in 16ms (View: 4, DB: 2) | 200 OK [http://localhost/engineers/get_matches/4]


Processing EngineersController#get_matches (for 127.0.0.1 at 2009-11-04 18:17:44) [POST]
  Parameters: {"authenticity_token"=>"AauVIrow27AiiLnKy5/QFbbj+/6MTHl1CrYGFg25+38=", "id"=>"4", "_"=>""}
  [4;35;1mTag Load (0.8ms)[0m   [0mSELECT tags.id, tags.name, COUNT(*) AS count FROM "tags" INNER JOIN taggings ON tags.id = taggings.tag_id INNER JOIN engineers ON engineers.id = taggings.taggable_id WHERE (taggings.taggable_type = 'Engineer') GROUP BY tags.id, tags.name HAVING COUNT(*) > 0[0m
  [4;36;1mEngineer Load (0.2ms)[0m   [0;1mSELECT * FROM "engineers" WHERE ("engineers"."id" = 4) [0m
Rendered shared/_matches_partial (1.3ms)
Completed in 12ms (View: 3, DB: 1) | 200 OK [http://localhost/engineers/get_matches/4]


Processing EngineersController#get_matches (for 127.0.0.1 at 2009-11-04 18:17:44) [POST]
  Parameters: {"authenticity_token"=>"AauVIrow27AiiLnKy5/QFbbj+/6MTHl1CrYGFg25+38=", "id"=>"4", "_"=>""}
  [4;35;1mTag Load (1.8ms)[0m   [0mSELECT tags.id, tags.name, COUNT(*) AS count FROM "tags" INNER JOIN taggings ON tags.id = taggings.tag_id INNER JOIN engineers ON engineers.id = taggings.taggable_id WHERE (taggings.taggable_type = 'Engineer') GROUP BY tags.id, tags.name HAVING COUNT(*) > 0[0m
  [4;36;1mEngineer Load (0.2ms)[0m   [0;1mSELECT * FROM "engineers" WHERE ("engineers"."id" = 4) [0m
Rendered shared/_matches_partial (1.4ms)
Completed in 16ms (View: 3, DB: 2) | 200 OK [http://localhost/engineers/get_matches/4]


Processing EngineersController#get_matches (for 127.0.0.1 at 2009-11-04 18:17:54) [POST]
  Parameters: {"authenticity_token"=>"AauVIrow27AiiLnKy5/QFbbj+/6MTHl1CrYGFg25+38=", "id"=>"4", "_"=>""}
  [4;35;1mTag Load (0.7ms)[0m   [0mSELECT tags.id, tags.name, COUNT(*) AS count FROM "tags" INNER JOIN taggings ON tags.id = taggings.tag_id INNER JOIN engineers ON engineers.id = taggings.taggable_id WHERE (taggings.taggable_type = 'Engineer') GROUP BY tags.id, tags.name HAVING COUNT(*) > 0[0m
  [4;36;1mEngineer Load (0.2ms)[0m   [0;1mSELECT * FROM "engineers" WHERE ("engineers"."id" = 4) [0m
Rendered shared/_matches_partial (1.3ms)
Completed in 12ms (View: 3, DB: 1) | 200 OK [http://localhost/engineers/get_matches/4]


Processing EngineersController#get_matches (for 127.0.0.1 at 2009-11-04 18:17:58) [POST]
  Parameters: {"authenticity_token"=>"AauVIrow27AiiLnKy5/QFbbj+/6MTHl1CrYGFg25+38=", "id"=>"4", "_"=>""}
  [4;35;1mTag Load (0.7ms)[0m   [0mSELECT tags.id, tags.name, COUNT(*) AS count FROM "tags" INNER JOIN taggings ON tags.id = taggings.tag_id INNER JOIN engineers ON engineers.id = taggings.taggable_id WHERE (taggings.taggable_type = 'Engineer') GROUP BY tags.id, tags.name HAVING COUNT(*) > 0[0m
  [4;36;1mEngineer Load (0.2ms)[0m   [0;1mSELECT * FROM "engineers" WHERE ("engineers"."id" = 4) [0m
Rendered shared/_matches_partial (1.2ms)
Completed in 12ms (View: 3, DB: 1) | 200 OK [http://localhost/engineers/get_matches/4]


Processing EngineersController#show (for 127.0.0.1 at 2009-11-04 18:18:02) [GET]
  Parameters: {"id"=>"4"}
  [4;35;1mTag Load (0.7ms)[0m   [0mSELECT tags.id, tags.name, COUNT(*) AS count FROM "tags" INNER JOIN taggings ON tags.id = taggings.tag_id INNER JOIN engineers ON engineers.id = taggings.taggable_id WHERE (taggings.taggable_type = 'Engineer') GROUP BY tags.id, tags.name HAVING COUNT(*) > 0[0m
  [4;36;1mEngineer Load (0.2ms)[0m   [0;1mSELECT * FROM "engineers" WHERE ("engineers"."id" = 4) [0m
Rendering template within layouts/application
Rendering engineers/show
Rendered shared/_search_engineer (1.9ms)
  [4;35;1mTag Load (0.3ms)[0m   [0mSELECT "tags".* FROM "tags" INNER JOIN "taggings" ON "tags".id = "taggings".tag_id WHERE (("taggings".taggable_type = 'Engineer') AND ("taggings".taggable_id = 4)) [0m
  [4;36;1mResource Load (0.3ms)[0m   [0;1mSELECT * FROM "resources" WHERE ("resources".engineer_id = 4) [0m
Rendered engineers/_sidebar (16.0ms)
Completed in 35ms (View: 25, DB: 2) | 200 OK [http://localhost/engineers/4]


Processing EngineersController#get_matches (for 127.0.0.1 at 2009-11-04 18:18:13) [POST]
  Parameters: {"authenticity_token"=>"AauVIrow27AiiLnKy5/QFbbj+/6MTHl1CrYGFg25+38=", "id"=>"4", "_"=>""}
  [4;35;1mTag Load (0.7ms)[0m   [0mSELECT tags.id, tags.name, COUNT(*) AS count FROM "tags" INNER JOIN taggings ON tags.id = taggings.tag_id INNER JOIN engineers ON engineers.id = taggings.taggable_id WHERE (taggings.taggable_type = 'Engineer') GROUP BY tags.id, tags.name HAVING COUNT(*) > 0[0m
  [4;36;1mEngineer Load (0.2ms)[0m   [0;1mSELECT * FROM "engineers" WHERE ("engineers"."id" = 4) [0m
Rendered shared/_matches_partial (1.3ms)
Completed in 12ms (View: 3, DB: 1) | 200 OK [http://localhost/engineers/get_matches/4]


Processing EngineersController#get_matches (for 127.0.0.1 at 2009-11-04 18:18:23) [POST]
  Parameters: {"authenticity_token"=>"AauVIrow27AiiLnKy5/QFbbj+/6MTHl1CrYGFg25+38=", "id"=>"4", "_"=>""}
  [4;35;1mTag Load (0.7ms)[0m   [0mSELECT tags.id, tags.name, COUNT(*) AS count FROM "tags" INNER JOIN taggings ON tags.id = taggings.tag_id INNER JOIN engineers ON engineers.id = taggings.taggable_id WHERE (taggings.taggable_type = 'Engineer') GROUP BY tags.id, tags.name HAVING COUNT(*) > 0[0m
  [4;36;1mEngineer Load (0.2ms)[0m   [0;1mSELECT * FROM "engineers" WHERE ("engineers"."id" = 4) [0m
Rendered shared/_matches_partial (1.3ms)
Completed in 12ms (View: 3, DB: 1) | 200 OK [http://localhost/engineers/get_matches/4]


Processing EngineersController#tag (for 127.0.0.1 at 2009-11-04 18:18:31) [GET]
  Parameters: {"tag"=>"Red"}
  [4;35;1mTag Load (0.7ms)[0m   [0mSELECT tags.id, tags.name, COUNT(*) AS count FROM "tags" INNER JOIN taggings ON tags.id = taggings.tag_id INNER JOIN engineers ON engineers.id = taggings.taggable_id WHERE (taggings.taggable_type = 'Engineer') GROUP BY tags.id, tags.name HAVING COUNT(*) > 0[0m
  [4;36;1mEngineer Load (0.3ms)[0m   [0;1mSELECT DISTINCT engineers.* FROM "engineers" INNER JOIN taggings engineers_taggings ON engineers_taggings.taggable_id = engineers.id AND engineers_taggings.taggable_type = 'Engineer' INNER JOIN tags engineers_tags ON engineers_tags.id = engineers_taggings.tag_id WHERE ((engineers_tags.name LIKE 'Red')) [0m
Rendering template within layouts/application
Rendering /engineers/index_no_paging.html.erb
Rendered shared/_search_engineer (1.9ms)
Rendered engineers/_sidebar (4.1ms)
Completed in 20ms (View: 12, DB: 1) | 200 OK [http://localhost/engineers/tag/Red]
